This is pdfTeX, Version 3.14159265-2.6-1.40.17 (TeX Live 2016) (preloaded format=pdflatex 2016.5.22)  25 MAY 2017 09:56
entering extended mode
 restricted \write18 enabled.
 %&-line parsing enabled.
**mihalis_thesis.tex
(./mihalis_thesis.tex
LaTeX2e <2016/03/31>
Babel <3.9r> and hyphenation patterns for 83 language(s) loaded.
(./yalephd.cls
Document Class: yalephd 2000/03/15 Yale doctoral dissertation class
(/usr/local/texlive/2016/texmf-dist/tex/latex/base/book.cls
Document Class: book 2014/09/29 v1.4h Standard LaTeX document class
(/usr/local/texlive/2016/texmf-dist/tex/latex/base/bk12.clo
File: bk12.clo 2014/09/29 v1.4h Standard LaTeX file (size option)
)
\c@part=\count79
\c@chapter=\count80
\c@section=\count81
\c@subsection=\count82
\c@subsubsection=\count83
\c@paragraph=\count84
\c@subparagraph=\count85
\c@figure=\count86
\c@table=\count87
\abovecaptionskip=\skip41
\belowcaptionskip=\skip42
\bibindent=\dimen102
)
(/usr/local/texlive/2016/texmf-dist/tex/latex/setspace/setspace.sty
Package: setspace 2011/12/19 v6.7a set line spacing
))
(/usr/local/texlive/2016/texmf-dist/tex/latex/graphics/graphicx.sty
Package: graphicx 2014/10/28 v1.0g Enhanced LaTeX Graphics (DPC,SPQR)

(/usr/local/texlive/2016/texmf-dist/tex/latex/graphics/keyval.sty
Package: keyval 2014/10/28 v1.15 key=value parser (DPC)
\KV@toks@=\toks14
)
(/usr/local/texlive/2016/texmf-dist/tex/latex/graphics/graphics.sty
Package: graphics 2016/05/09 v1.0r Standard LaTeX Graphics (DPC,SPQR)

(/usr/local/texlive/2016/texmf-dist/tex/latex/graphics/trig.sty
Package: trig 2016/01/03 v1.10 sin cos tan (DPC)
)
(/usr/local/texlive/2016/texmf-dist/tex/latex/graphics-cfg/graphics.cfg
File: graphics.cfg 2016/01/02 v1.10 sample graphics configuration
)
Package graphics Info: Driver file: pdftex.def on input line 96.

(/usr/local/texlive/2016/texmf-dist/tex/latex/pdftex-def/pdftex.def
File: pdftex.def 2011/05/27 v0.06d Graphics/color for pdfTeX

(/usr/local/texlive/2016/texmf-dist/tex/generic/oberdiek/infwarerr.sty
Package: infwarerr 2016/05/16 v1.4 Providing info/warning/error messages (HO)
)
(/usr/local/texlive/2016/texmf-dist/tex/generic/oberdiek/ltxcmds.sty
Package: ltxcmds 2016/05/16 v1.23 LaTeX kernel commands for general use (HO)
)
\Gread@gobject=\count88
))
\Gin@req@height=\dimen103
\Gin@req@width=\dimen104
)
(/usr/local/texlive/2016/texmf-dist/tex/latex/tools/enumerate.sty
Package: enumerate 2015/07/23 v3.00 enumerate extensions (DPC)
\@enLab=\toks15
)
(/usr/local/texlive/2016/texmf-dist/tex/latex/threeparttable/threeparttable.sty
Package: threeparttable 2003/06/13  v 3.0
\@tempboxb=\box26
) (/usr/local/texlive/2016/texmf-dist/tex/latex/subfig/subfig.sty
Package: subfig 2005/06/28 ver: 1.3 subfig package

(/usr/local/texlive/2016/texmf-dist/tex/latex/caption/caption3.sty
Package: caption3 2016/02/04 v1.7-139 caption3 kernel (AR)
Package caption3 Info: TeX engine: e-TeX on input line 67.
\captionmargin=\dimen105
\captionmargin@=\dimen106
\captionwidth=\dimen107
\caption@tempdima=\dimen108
\caption@indent=\dimen109
\caption@parindent=\dimen110
\caption@hangindent=\dimen111
)
\c@KVtest=\count89
\sf@farskip=\skip43
\sf@captopadj=\dimen112
\sf@capskip=\skip44
\sf@nearskip=\skip45
\c@subfigure=\count90
\c@subfigure@save=\count91
\c@lofdepth=\count92
\c@subtable=\count93
\c@subtable@save=\count94
\c@lotdepth=\count95
\sf@top=\skip46
\sf@bottom=\skip47
)
(/usr/local/texlive/2016/texmf-dist/tex/latex/multirow/multirow.sty
\bigstrutjot=\dimen113
)
(/usr/local/texlive/2016/texmf-dist/tex/latex/algorithm2e/algorithm2e.sty
Package: algorithm2e 2013/01/06 v5.00 algorithms environments
\c@AlgoLine=\count96

(/usr/local/texlive/2016/texmf-dist/tex/latex/base/ifthen.sty
Package: ifthen 2014/09/29 v1.1c Standard LaTeX ifthen package (DPC)
)
\algocf@hangindent=\skip48

(/usr/local/texlive/2016/texmf-dist/tex/latex/tools/xspace.sty
Package: xspace 2014/10/28 v1.13 Space after command names (DPC,MH)
)
(/usr/local/texlive/2016/texmf-dist/tex/latex/relsize/relsize.sty
Package: relsize 2013/03/29 ver 4.1
)
********************************************************
Package `algorithm2e' Release 5.1 -- october 19 2015 --
- algorithm2e-announce@lirmm.fr mailing list for announcement about releases
- algorithm2e-discussion@lirmm.fr mailing list for discussion about package
subscribe by emailing sympa@lirmm.fr with 'subscribe <list> <firstname name>'
- Author: Christophe Fiorio (christophe.fiorio@umontpellier.fr)
********************************************************
\skiptotal=\skip49
\skiplinenumber=\skip50
\skiprule=\skip51
\skiphlne=\skip52
\skiptext=\skip53
\skiplength=\skip54
\algomargin=\skip55
\skipalgocfslide=\skip56
\algowidth=\dimen114
\inoutsize=\dimen115
\inoutindent=\dimen116
\interspacetitleruled=\dimen117
\interspacealgoruled=\dimen118
\interspacetitleboxruled=\dimen119
\algocf@ruledwidth=\skip57
\algocf@inoutbox=\box27
\algocf@inputbox=\box28
\AlCapSkip=\skip58
\AlCapHSkip=\skip59
\algoskipindent=\skip60
\algocf@nlbox=\box29
\algocf@hangingbox=\box30
\algocf@untilbox=\box31
\algocf@skipuntil=\skip61
\algocf@capbox=\box32
\algoheightruledefault=\skip62
\algoheightrule=\skip63
\algotitleheightruledefault=\skip64
\algotitleheightrule=\skip65
\c@algocfline=\count97
\c@algocfproc=\count98
\c@algocf=\count99
\algocf@algoframe=\box33
\algocf@algobox=\box34
) (/usr/local/texlive/2016/texmf-dist/tex/latex/amsfonts/amssymb.sty
Package: amssymb 2013/01/14 v3.01 AMS font symbols

(/usr/local/texlive/2016/texmf-dist/tex/latex/amsfonts/amsfonts.sty
Package: amsfonts 2013/01/14 v3.01 Basic AMSFonts support
\@emptytoks=\toks16
\symAMSa=\mathgroup4
\symAMSb=\mathgroup5
LaTeX Font Info:    Overwriting math alphabet `\mathfrak' in version `bold'
(Font)                  U/euf/m/n --> U/euf/b/n on input line 106.
))
(/usr/local/texlive/2016/texmf-dist/tex/latex/amsmath/amsmath.sty
Package: amsmath 2016/03/10 v2.15b AMS math features
\@mathmargin=\skip66

For additional information on amsmath, use the `?' option.
(/usr/local/texlive/2016/texmf-dist/tex/latex/amsmath/amstext.sty
Package: amstext 2000/06/29 v2.01 AMS text

(/usr/local/texlive/2016/texmf-dist/tex/latex/amsmath/amsgen.sty
File: amsgen.sty 1999/11/30 v2.0 generic functions
\@emptytoks=\toks17
\ex@=\dimen120
))
(/usr/local/texlive/2016/texmf-dist/tex/latex/amsmath/amsbsy.sty
Package: amsbsy 1999/11/29 v1.2d Bold Symbols
\pmbraise@=\dimen121
)
(/usr/local/texlive/2016/texmf-dist/tex/latex/amsmath/amsopn.sty
Package: amsopn 2016/03/08 v2.02 operator names
)
\inf@bad=\count100
LaTeX Info: Redefining \frac on input line 199.
\uproot@=\count101
\leftroot@=\count102
LaTeX Info: Redefining \overline on input line 297.
\classnum@=\count103
\DOTSCASE@=\count104
LaTeX Info: Redefining \ldots on input line 394.
LaTeX Info: Redefining \dots on input line 397.
LaTeX Info: Redefining \cdots on input line 518.
\Mathstrutbox@=\box35
\strutbox@=\box36
\big@size=\dimen122
LaTeX Font Info:    Redeclaring font encoding OML on input line 634.
LaTeX Font Info:    Redeclaring font encoding OMS on input line 635.
\macc@depth=\count105
\c@MaxMatrixCols=\count106
\dotsspace@=\muskip10
\c@parentequation=\count107
\dspbrk@lvl=\count108
\tag@help=\toks18
\row@=\count109
\column@=\count110
\maxfields@=\count111
\andhelp@=\toks19
\eqnshift@=\dimen123
\alignsep@=\dimen124
\tagshift@=\dimen125
\tagwidth@=\dimen126
\totwidth@=\dimen127
\lineht@=\dimen128
\@envbody=\toks20
\multlinegap=\skip67
\multlinetaggap=\skip68
\mathdisplay@stack=\toks21
LaTeX Info: Redefining \[ on input line 2739.
LaTeX Info: Redefining \] on input line 2740.
)
(/usr/local/texlive/2016/texmf-dist/tex/latex/hyperref/hyperref.sty
Package: hyperref 2016/05/05 v6.83n Hypertext links for LaTeX

(/usr/local/texlive/2016/texmf-dist/tex/generic/oberdiek/hobsub-hyperref.sty
Package: hobsub-hyperref 2016/05/16 v1.14 Bundle oberdiek, subset hyperref (HO)


(/usr/local/texlive/2016/texmf-dist/tex/generic/oberdiek/hobsub-generic.sty
Package: hobsub-generic 2016/05/16 v1.14 Bundle oberdiek, subset generic (HO)
Package: hobsub 2016/05/16 v1.14 Construct package bundles (HO)
Package hobsub Info: Skipping package `infwarerr' (already loaded).
Package hobsub Info: Skipping package `ltxcmds' (already loaded).
Package: ifluatex 2016/05/16 v1.4 Provides the ifluatex switch (HO)
Package ifluatex Info: LuaTeX not detected.
Package: ifvtex 2016/05/16 v1.6 Detect VTeX and its facilities (HO)
Package ifvtex Info: VTeX not detected.
Package: intcalc 2016/05/16 v1.2 Expandable calculations with integers (HO)
Package: ifpdf 2016/05/14 v3.1 Provides the ifpdf switch
Package: etexcmds 2016/05/16 v1.6 Avoid name clashes with e-TeX commands (HO)
Package etexcmds Info: Could not find \expanded.
(etexcmds)             That can mean that you are not using pdfTeX 1.50 or
(etexcmds)             that some package has redefined \expanded.
(etexcmds)             In the latter case, load this package earlier.
Package: kvsetkeys 2016/05/16 v1.17 Key value parser (HO)
Package: kvdefinekeys 2016/05/16 v1.4 Define keys (HO)
Package: pdftexcmds 2016/05/10 v0.21 Utility functions of pdfTeX for LuaTeX (HO
)
Package pdftexcmds Info: LuaTeX not detected.
Package pdftexcmds Info: \pdf@primitive is available.
Package pdftexcmds Info: \pdf@ifprimitive is available.
Package pdftexcmds Info: \pdfdraftmode found.
Package: pdfescape 2016/05/16 v1.14 Implements pdfTeX's escape features (HO)
Package: bigintcalc 2016/05/16 v1.4 Expandable calculations on big integers (HO
)
Package: bitset 2016/05/16 v1.2 Handle bit-vector datatype (HO)
Package: uniquecounter 2016/05/16 v1.3 Provide unlimited unique counter (HO)
)
Package hobsub Info: Skipping package `hobsub' (already loaded).
Package: letltxmacro 2016/05/16 v1.5 Let assignment for LaTeX macros (HO)
Package: hopatch 2016/05/16 v1.3 Wrapper for package hooks (HO)
Package: xcolor-patch 2016/05/16 xcolor patch
Package: atveryend 2016/05/16 v1.9 Hooks at the very end of document (HO)
Package atveryend Info: \enddocument detected (standard20110627).
Package: atbegshi 2016/05/16 v1.17 At begin shipout hook (HO)
Package: refcount 2016/05/16 v3.5 Data extraction from label references (HO)
Package: hycolor 2016/05/16 v1.8 Color options for hyperref/bookmark (HO)
)
(/usr/local/texlive/2016/texmf-dist/tex/generic/ifxetex/ifxetex.sty
Package: ifxetex 2010/09/12 v0.6 Provides ifxetex conditional
)
(/usr/local/texlive/2016/texmf-dist/tex/latex/oberdiek/auxhook.sty
Package: auxhook 2016/05/16 v1.4 Hooks for auxiliary files (HO)
)
(/usr/local/texlive/2016/texmf-dist/tex/latex/oberdiek/kvoptions.sty
Package: kvoptions 2016/05/16 v3.12 Key value format for package options (HO)
)
\@linkdim=\dimen129
\Hy@linkcounter=\count112
\Hy@pagecounter=\count113

(/usr/local/texlive/2016/texmf-dist/tex/latex/hyperref/pd1enc.def
File: pd1enc.def 2016/05/05 v6.83n Hyperref: PDFDocEncoding definition (HO)
)
\Hy@SavedSpaceFactor=\count114

(/usr/local/texlive/2016/texmf-dist/tex/latex/latexconfig/hyperref.cfg
File: hyperref.cfg 2002/06/06 v1.2 hyperref configuration of TeXLive
)
Package hyperref Info: Option `bookmarks' set `true' on input line 4322.
Package hyperref Info: Hyper figures OFF on input line 4446.
Package hyperref Info: Link nesting OFF on input line 4451.
Package hyperref Info: Hyper index ON on input line 4454.
Package hyperref Info: Plain pages OFF on input line 4461.
Package hyperref Info: Backreferencing OFF on input line 4466.
Package hyperref Info: Implicit mode ON; LaTeX internals redefined.
Package hyperref Info: Bookmarks ON on input line 4691.
\c@Hy@tempcnt=\count115

(/usr/local/texlive/2016/texmf-dist/tex/latex/url/url.sty
\Urlmuskip=\muskip11
Package: url 2013/09/16  ver 3.4  Verb mode for urls, etc.
)
LaTeX Info: Redefining \url on input line 5044.
\XeTeXLinkMargin=\dimen130
\Fld@menulength=\count116
\Field@Width=\dimen131
\Fld@charsize=\dimen132
Package hyperref Info: Hyper figures OFF on input line 6298.
Package hyperref Info: Link nesting OFF on input line 6303.
Package hyperref Info: Hyper index ON on input line 6306.
Package hyperref Info: backreferencing OFF on input line 6313.
Package hyperref Info: Link coloring OFF on input line 6318.
Package hyperref Info: Link coloring with OCG OFF on input line 6323.
Package hyperref Info: PDF/A mode OFF on input line 6328.
LaTeX Info: Redefining \ref on input line 6368.
LaTeX Info: Redefining \pageref on input line 6372.
\Hy@abspage=\count117
\c@Item=\count118
\c@Hfootnote=\count119
)

Package hyperref Message: Driver: hpdftex.

(/usr/local/texlive/2016/texmf-dist/tex/latex/hyperref/hpdftex.def
File: hpdftex.def 2016/05/05 v6.83n Hyperref driver for pdfTeX
\Fld@listcount=\count120
\c@bookmark@seq@number=\count121

(/usr/local/texlive/2016/texmf-dist/tex/latex/oberdiek/rerunfilecheck.sty
Package: rerunfilecheck 2016/05/16 v1.8 Rerun checks for auxiliary files (HO)
Package uniquecounter Info: New unique counter `rerunfilecheck' on input line 2
82.
)
\Hy@SectionHShift=\skip69
)
(./mihalis_thesis.aux)
\openout1 = `mihalis_thesis.aux'.

LaTeX Font Info:    Checking defaults for OML/cmm/m/it on input line 17.
LaTeX Font Info:    ... okay on input line 17.
LaTeX Font Info:    Checking defaults for T1/cmr/m/n on input line 17.
LaTeX Font Info:    ... okay on input line 17.
LaTeX Font Info:    Checking defaults for OT1/cmr/m/n on input line 17.
LaTeX Font Info:    ... okay on input line 17.
LaTeX Font Info:    Checking defaults for OMS/cmsy/m/n on input line 17.
LaTeX Font Info:    ... okay on input line 17.
LaTeX Font Info:    Checking defaults for OMX/cmex/m/n on input line 17.
LaTeX Font Info:    ... okay on input line 17.
LaTeX Font Info:    Checking defaults for U/cmr/m/n on input line 17.
LaTeX Font Info:    ... okay on input line 17.
LaTeX Font Info:    Checking defaults for PD1/pdf/m/n on input line 17.
LaTeX Font Info:    ... okay on input line 17.

(/usr/local/texlive/2016/texmf-dist/tex/context/base/mkii/supp-pdf.mkii
[Loading MPS to PDF converter (version 2006.09.02).]
\scratchcounter=\count122
\scratchdimen=\dimen133
\scratchbox=\box37
\nofMPsegments=\count123
\nofMParguments=\count124
\everyMPshowfont=\toks22
\MPscratchCnt=\count125
\MPscratchDim=\dimen134
\MPnumerator=\count126
\makeMPintoPDFobject=\count127
\everyMPtoPDFconversion=\toks23
) (/usr/local/texlive/2016/texmf-dist/tex/latex/oberdiek/epstopdf-base.sty
Package: epstopdf-base 2016/05/15 v2.6 Base part for package epstopdf

(/usr/local/texlive/2016/texmf-dist/tex/latex/oberdiek/grfext.sty
Package: grfext 2016/05/16 v1.2 Manage graphics extensions (HO)
)
Package grfext Info: Graphics extension search list:
(grfext)             [.png,.pdf,.jpg,.mps,.jpeg,.jbig2,.jb2,.PNG,.PDF,.JPG,.JPE
G,.JBIG2,.JB2,.eps]
(grfext)             \AppendGraphicsExtensions on input line 456.

(/usr/local/texlive/2016/texmf-dist/tex/latex/latexconfig/epstopdf-sys.cfg
File: epstopdf-sys.cfg 2010/07/13 v1.3 Configuration of (r)epstopdf for TeX Liv
e
))
Package caption Info: Begin \AtBeginDocument code.
Package caption Info: subfig package v1.3 is loaded.
Package caption Info: End \AtBeginDocument code.
\AtBeginShipoutBox=\box38
Package hyperref Info: Link coloring OFF on input line 17.

(/usr/local/texlive/2016/texmf-dist/tex/latex/hyperref/nameref.sty
Package: nameref 2012/10/27 v2.43 Cross-referencing by name of section

(/usr/local/texlive/2016/texmf-dist/tex/generic/oberdiek/gettitlestring.sty
Package: gettitlestring 2016/05/16 v1.5 Cleanup title references (HO)
)
\c@section@level=\count128
)
LaTeX Info: Redefining \ref on input line 17.
LaTeX Info: Redefining \pageref on input line 17.
LaTeX Info: Redefining \nameref on input line 17.

(./mihalis_thesis.out) (./mihalis_thesis.out)
\@outlinefile=\write3
\openout3 = `mihalis_thesis.out'.

 [1


{/usr/local/texlive/2016/texmf-var/fonts/map/pdftex/updmap/pdftex.map}] [1

]
LaTeX Font Info:    Try loading font information for OMS+cmr on input line 35.

(/usr/local/texlive/2016/texmf-dist/tex/latex/base/omscmr.fd
File: omscmr.fd 2014/09/29 v2.5h Standard LaTeX font definitions
)
LaTeX Font Info:    Font shape `OMS/cmr/m/n' in size <12> not available
(Font)              Font shape `OMS/cmsy/m/n' tried instead on input line 35.
pdfTeX warning (ext4): destination with the same identifier (name{page.i}) has 
been already used, duplicate ignored
<to be read again> 
                   \relax 
l.35 \makecopyright
                    [1] (./mihalis_thesis.toc
LaTeX Font Info:    Try loading font information for U+msa on input line 2.

(/usr/local/texlive/2016/texmf-dist/tex/latex/amsfonts/umsa.fd
File: umsa.fd 2013/01/14 v3.01 AMS symbols A
)
LaTeX Font Info:    Try loading font information for U+msb on input line 2.

(/usr/local/texlive/2016/texmf-dist/tex/latex/amsfonts/umsb.fd
File: umsb.fd 2013/01/14 v3.01 AMS symbols B
) [2


] [3]
[4])
\tf@toc=\write4
\openout4 = `mihalis_thesis.toc'.

 [5] (./mihalis_thesis.lof [6

]

LaTeX Warning: Citation `Su06' on page vii undefined on input line 26.


LaTeX Warning: Citation `Su06' on page vii undefined on input line 27.


LaTeX Warning: Citation `GW95' on page vii undefined on input line 34.


LaTeX Warning: Citation `georgakos2007investigation' on page vii undefined on i
nput line 45.


LaTeX Warning: Citation `george2010transient' on page vii undefined on input li
ne 46.

[7]

LaTeX Warning: Citation `slayman2005cache' on page viii undefined on input line
 53.


LaTeX Warning: Citation `matson1998circuit' on page viii undefined on input lin
e 62.


LaTeX Warning: Citation `buyuktosunoglu2002oldest' on page viii undefined on in
put line 62.

)
\tf@lof=\write5
\openout5 = `mihalis_thesis.lof'.

 [8] (./mihalis_thesis.lot
Overfull \hbox (1.66164pt too wide) in paragraph at lines 5--5
 [][] [][]\OT1/cmr/m/n/12 ILE clas-si-fi-ca-tion in-for-ma-tion traced from var
-i-ous mi-cro-pro-ces-sor mod- 
 []

[9

])
\tf@lot=\write6
\openout6 = `mihalis_thesis.lot'.

 [10] [11

]
Chapter 1.

LaTeX Warning: Citation `hennessy2011computer' on page 1 undefined on input lin
e 68.

pdfTeX warning (ext4): destination with the same identifier (name{page.1}) has 
been already used, duplicate ignored
<to be read again> 
                   \relax 
l.71 
      [1


]

LaTeX Warning: Citation `normand1996single' on page 2 undefined on input line 8
0.


LaTeX Warning: Citation `constantinescu2003trends' on page 2 undefined on input
 line 80.


LaTeX Warning: Citation `normand1996single' on page 2 undefined on input line 8
0.

[2]

LaTeX Warning: Citation `criswell1984single' on page 3 undefined on input line 
82.

[3]
Overfull \hbox (8.62112pt too wide) in paragraph at lines 90--91
[]\OT1/cmr/m/n/12 Develop cost-effective er-ror de-tec-tion/correction meth-ods
 for robustness-sensitive
 []


LaTeX Warning: File `thesis.png' not found on input line 97.


! Package pdftex.def Error: File `thesis.png' not found.

See the pdftex.def package documentation for explanation.
Type  H <return>  for immediate help.
 ...                                              
                                                  
l.97 \includegraphics[width=3.5in]{thesis.png}
                                              %
Using draft setting for this image.
Try typing  <return>  to proceed.
If that doesn't work, type  X <return>  to quit.

[4] [5] [6] [7] [8]
Chapter 2.
[9

] [10]

LaTeX Warning: Citation `WMP07' on page 11 undefined on input line 143.


LaTeX Warning: Citation `BuAu97' on page 11 undefined on input line 143.


LaTeX Warning: Citation `WMP07' on page 11 undefined on input line 147.


LaTeX Warning: Citation `WaPa05' on page 11 undefined on input line 147.


LaTeX Warning: Citation `WQRP04' on page 11 undefined on input line 147.

[11] [12]

LaTeX Warning: File `parts.png' not found on input line 169.


! Package pdftex.def Error: File `parts.png' not found.

See the pdftex.def package documentation for explanation.
Type  H <return>  for immediate help.
 ...                                              
                                                  
l.169 \includegraphics[width=2.6in]{parts.png}
                                              
Using draft setting for this image.
Try typing  <return>  to proceed.
If that doesn't work, type  X <return>  to quit.

[13] [14] [15] [16] [17]

LaTeX Warning: Citation `JAROK94' on page 18 undefined on input line 237.


LaTeX Warning: Citation `BGBGG08' on page 18 undefined on input line 237.

[18]

LaTeX Warning: File `RT_inject.png' not found on input line 245.


! Package pdftex.def Error: File `RT_inject.png' not found.

See the pdftex.def package documentation for explanation.
Type  H <return>  for immediate help.
 ...                                              
                                                  
l.245 \includegraphics[width=3.5in]{RT_inject.png}
                                                  
Using draft setting for this image.
Try typing  <return>  to proceed.
If that doesn't work, type  X <return>  to quit.

[19]

LaTeX Warning: File `GT_inject.png' not found on input line 256.


! Package pdftex.def Error: File `GT_inject.png' not found.

See the pdftex.def package documentation for explanation.
Type  H <return>  for immediate help.
 ...                                              
                                                  
l.256 \includegraphics[width=3.5in]{GT_inject.png}
                                                  
Using draft setting for this image.
Try typing  <return>  to proceed.
If that doesn't work, type  X <return>  to quit.


LaTeX Warning: File `flow.png' not found on input line 267.


! Package pdftex.def Error: File `flow.png' not found.

See the pdftex.def package documentation for explanation.
Type  H <return>  for immediate help.
 ...                                              
                                                  
l.267 \includegraphics[width=3.2in]{flow.png}
                                             
Using draft setting for this image.
Try typing  <return>  to proceed.
If that doesn't work, type  X <return>  to quit.

[20] [21] [22] [23] [24] [25] [26]

LaTeX Warning: File `ILEclassExample.png' not found on input line 436.


! Package pdftex.def Error: File `ILEclassExample.png' not found.

See the pdftex.def package documentation for explanation.
Type  H <return>  for immediate help.
 ...                                              
                                                  
l.436 ...egraphics[width=4in]{ILEclassExample.png}
                                                  
Using draft setting for this image.
Try typing  <return>  to proceed.
If that doesn't work, type  X <return>  to quit.

[27] [28] [29]

LaTeX Warning: Citation `Ag90' on page 30 undefined on input line 474.

[30] [31] [32] [33]

LaTeX Warning: File `Fig9-1-2.png' not found on input line 552.


! Package pdftex.def Error: File `Fig9-1-2.png' not found.

See the pdftex.def package documentation for explanation.
Type  H <return>  for immediate help.
 ...                                              
                                                  
l.552 \includegraphics[width=3.5in]{Fig9-1-2.png}
                                                 
Using draft setting for this image.
Try typing  <return>  to proceed.
If that doesn't work, type  X <return>  to quit.

[34]
Overfull \hbox (8.40817pt too wide) in paragraph at lines 566--567
[]\OT1/cmr/m/n/12 The most fre-quently oc-cur-ring ILEs con-cern in-struc-tion 
ex-e-cu-tion tim-ing. Specif-
 []

[35]

LaTeX Warning: File `Fig9-1-3.png' not found on input line 577.


! Package pdftex.def Error: File `Fig9-1-3.png' not found.

See the pdftex.def package documentation for explanation.
Type  H <return>  for immediate help.
 ...                                              
                                                  
l.577 \includegraphics[width=3.5in]{Fig9-1-3.png}
                                                 
Using draft setting for this image.
Try typing  <return>  to proceed.
If that doesn't work, type  X <return>  to quit.

[36] [37]

LaTeX Warning: Citation `WaPa05' on page 38 undefined on input line 586.


LaTeX Warning: File `Fig9-1-4.png' not found on input line 593.


! Package pdftex.def Error: File `Fig9-1-4.png' not found.

See the pdftex.def package documentation for explanation.
Type  H <return>  for immediate help.
 ...                                              
                                                  
l.593 \includegraphics[width=3.5in]{Fig9-1-4.png}
                                                 
Using draft setting for this image.
Try typing  <return>  to proceed.
If that doesn't work, type  X <return>  to quit.


LaTeX Warning: File `Fig9-2-1.png' not found on input line 604.


! Package pdftex.def Error: File `Fig9-2-1.png' not found.

See the pdftex.def package documentation for explanation.
Type  H <return>  for immediate help.
 ...                                              
                                                  
l.604 ...=2.9in]{Fig9-2-1.png}\label{sC2Sch_ILEs}}
                                                  
Using draft setting for this image.
Try typing  <return>  to proceed.
If that doesn't work, type  X <return>  to quit.


LaTeX Warning: File `Fig9-2-2.png' not found on input line 605.


! Package pdftex.def Error: File `Fig9-2-2.png' not found.

See the pdftex.def package documentation for explanation.
Type  H <return>  for immediate help.
 ...                                              
                                                  
l.605 ...=2.9in]{Fig9-2-2.png}\label{sC2ROB_ILEs}}
                                                  
Using draft setting for this image.
Try typing  <return>  to proceed.
If that doesn't work, type  X <return>  to quit.

[38] [39] [40] [41] [42]

LaTeX Warning: File `Fig9-3-1.png' not found on input line 703.


! Package pdftex.def Error: File `Fig9-3-1.png' not found.

See the pdftex.def package documentation for explanation.
Type  H <return>  for immediate help.
 ...                                              
                                                  
l.703 \includegraphics[width=2.9in]{Fig9-3-1.png}
                                                 
Using draft setting for this image.
Try typing  <return>  to proceed.
If that doesn't work, type  X <return>  to quit.

[43] [44]
Chapter 3.

LaTeX Warning: Citation `Mo03b' on page 45 undefined on input line 717.

[45

] [46]

LaTeX Warning: Citation `GoGr93' on page 47 undefined on input line 731.


LaTeX Warning: Citation `MiMc00' on page 47 undefined on input line 731.


LaTeX Warning: Citation `923436' on page 47 undefined on input line 731.


LaTeX Warning: Citation `AvKe84' on page 47 undefined on input line 731.


LaTeX Warning: Citation `Mo03b' on page 47 undefined on input line 731.


LaTeX Warning: Citation `AkSo75' on page 47 undefined on input line 733.


LaTeX Warning: Citation `DhVr88' on page 47 undefined on input line 733.


LaTeX Warning: Citation `ZSM98' on page 47 undefined on input line 733.


LaTeX Warning: Citation `1030186' on page 47 undefined on input line 733.


LaTeX Warning: Citation `670885' on page 47 undefined on input line 733.


LaTeX Warning: Citation `229762' on page 47 undefined on input line 733.


LaTeX Warning: Citation `GoGr93' on page 47 undefined on input line 733.


LaTeX Warning: Citation `ADM06' on page 47 undefined on input line 733.


LaTeX Warning: Citation `1676055' on page 47 undefined on input line 733.


LaTeX Warning: Citation `AMD04' on page 47 undefined on input line 733.

[47]

LaTeX Warning: Citation `VJAPG08' on page 48 undefined on input line 735.


LaTeX Warning: Citation `1308673' on page 48 undefined on input line 735.


LaTeX Warning: Citation `VJAPG08' on page 48 undefined on input line 735.


LaTeX Warning: Citation `1308673' on page 48 undefined on input line 735.


LaTeX Warning: Citation `MROJG08' on page 48 undefined on input line 735.


LaTeX Warning: Citation `2145' on page 48 undefined on input line 737.


LaTeX Warning: Citation `JN08' on page 48 undefined on input line 737.


LaTeX Warning: Citation `MeSu00' on page 48 undefined on input line 737.


LaTeX Warning: Citation `941424' on page 48 undefined on input line 737.


LaTeX Warning: Citation `WQRP04' on page 48 undefined on input line 737.


LaTeX Warning: Citation `MWERA03' on page 48 undefined on input line 737.

[48]

LaTeX Warning: Citation `hennessy2011computer' on page 49 undefined on input li
ne 743.

[49]

LaTeX Warning: File `Fig-3.png' not found on input line 749.


! Package pdftex.def Error: File `Fig-3.png' not found.

See the pdftex.def package documentation for explanation.
Type  H <return>  for immediate help.
 ...                                              
                                                  
l.749 \includegraphics[width=5.95in]{Fig-3.png}
                                               
Using draft setting for this image.
Try typing  <return>  to proceed.
If that doesn't work, type  X <return>  to quit.

[50] [51] [52]

LaTeX Warning: File `Fig-5.png' not found on input line 786.


! Package pdftex.def Error: File `Fig-5.png' not found.

See the pdftex.def package documentation for explanation.
Type  H <return>  for immediate help.
 ...                                              
                                                  
l.786 \includegraphics[width=5.5in]{Fig-5.png}
                                              
Using draft setting for this image.
Try typing  <return>  to proceed.
If that doesn't work, type  X <return>  to quit.


LaTeX Warning: File `Fig-6.png' not found on input line 795.


! Package pdftex.def Error: File `Fig-6.png' not found.

See the pdftex.def package documentation for explanation.
Type  H <return>  for immediate help.
 ...                                              
                                                  
l.795 \includegraphics[width=3.3in]{Fig-6.png}
                                              
Using draft setting for this image.
Try typing  <return>  to proceed.
If that doesn't work, type  X <return>  to quit.

[53] [54] [55] [56] [57]

LaTeX Warning: Citation `Mo03b' on page 58 undefined on input line 862.


Overfull \hbox (1.8323pt too wide) in paragraph at lines 862--863
$[]$ \OT1/cmr/m/n/12 The sec-ond set of re-sults ex-plores the well-known
 []

[58]

LaTeX Warning: File `Fig-7.png' not found on input line 866.


! Package pdftex.def Error: File `Fig-7.png' not found.

See the pdftex.def package documentation for explanation.
Type  H <return>  for immediate help.
 ...                                              
                                                  
l.866 \includegraphics[width=3.3 in]{Fig-7.png}
                                               
Using draft setting for this image.
Try typing  <return>  to proceed.
If that doesn't work, type  X <return>  to quit.

[59]

LaTeX Warning: File `Fig-8.png' not found on input line 875.


! Package pdftex.def Error: File `Fig-8.png' not found.

See the pdftex.def package documentation for explanation.
Type  H <return>  for immediate help.
 ...                                              
                                                  
l.875 \includegraphics[width=3.3in]{Fig-8.png}
                                              
Using draft setting for this image.
Try typing  <return>  to proceed.
If that doesn't work, type  X <return>  to quit.


Overfull \hbox (4.86147pt too wide) in paragraph at lines 879--880
$[]$ \OT1/cmr/m/n/12 To fur-ther demon-strate that the pro-posed CED
 []

[60]

LaTeX Warning: File `Fig-9.png' not found on input line 883.


! Package pdftex.def Error: File `Fig-9.png' not found.

See the pdftex.def package documentation for explanation.
Type  H <return>  for immediate help.
 ...                                              
                                                  
l.883 \includegraphics[width=5.0in]{Fig-9.png}
                                              
Using draft setting for this image.
Try typing  <return>  to proceed.
If that doesn't work, type  X <return>  to quit.

[61]

LaTeX Warning: File `Fig-10.png' not found on input line 891.


! Package pdftex.def Error: File `Fig-10.png' not found.

See the pdftex.def package documentation for explanation.
Type  H <return>  for immediate help.
 ...                                              
                                                  
l.891 \includegraphics[width=3.3 in] {Fig-10.png}
                                                 
Using draft setting for this image.
Try typing  <return>  to proceed.
If that doesn't work, type  X <return>  to quit.


Overfull \hbox (17.25578pt too wide) in paragraph at lines 897--898
$[]$ \OT1/cmr/m/n/12 In Sec-tion []2.5.2[], the con-sis-tency of the instructio
n-
 []

[62]

LaTeX Warning: File `Fig-12.png' not found on input line 901.


! Package pdftex.def Error: File `Fig-12.png' not found.

See the pdftex.def package documentation for explanation.
Type  H <return>  for immediate help.
 ...                                              
                                                  
l.901 \includegraphics[width=5.3in]{Fig-12.png}
                                               \caption{Total and detected f...

Using draft setting for this image.
Try typing  <return>  to proceed.
If that doesn't work, type  X <return>  to quit.

[63] [64]

LaTeX Warning: File `Fig-13.png' not found on input line 908.


! Package pdftex.def Error: File `Fig-13.png' not found.

See the pdftex.def package documentation for explanation.
Type  H <return>  for immediate help.
 ...                                              
                                                  
l.908 \includegraphics[width=3.5 in]{Fig-13.png}
                                                
Using draft setting for this image.
Try typing  <return>  to proceed.
If that doesn't work, type  X <return>  to quit.

[65] [66] [67] [68]

LaTeX Warning: Citation `patel1982concurrent' on page 69 undefined on input lin
e 1013.


LaTeX Warning: Citation `oh2002error' on page 69 undefined on input line 1013.


LaTeX Warning: Citation `mueller1999ras' on page 69 undefined on input line 101
3.


LaTeX Warning: Citation `quach2000high' on page 69 undefined on input line 1013
.


LaTeX Warning: Citation `Ga94' on page 69 undefined on input line 1013.


LaTeX Warning: Citation `NDJD01' on page 69 undefined on input line 1013.


LaTeX Warning: Citation `ECS09' on page 69 undefined on input line 1013.


LaTeX Warning: Citation `lo1994reliable' on page 69 undefined on input line 101
3.


LaTeX Warning: Citation `shekarian2008low' on page 69 undefined on input line 1
013.


LaTeX Warning: Citation `TSC692' on page 69 undefined on input line 1013.


LaTeX Warning: Citation `gallagher2000fault' on page 69 undefined on input line
 1013.


LaTeX Warning: Citation `lo1992sfs' on page 69 undefined on input line 1013.


LaTeX Warning: Citation `langdon1970concurrent' on page 69 undefined on input l
ine 1013.

[69] [70]

LaTeX Warning: Citation `avizienis1973arithmetic' on page 71 undefined on input
 line 1025.


LaTeX Warning: Citation `kinoshita1974floating' on page 71 undefined on input l
ine 1025.


LaTeX Warning: Citation `sasaki1968basis' on page 71 undefined on input line 10
25.


LaTeX Warning: Citation `lo1994reliable' on page 71 undefined on input line 102
5.


LaTeX Warning: Citation `anderson1973design' on page 71 undefined on input line
 1025.


LaTeX Warning: Citation `avizienis1971star' on page 71 undefined on input line 
1025.


LaTeX Warning: Citation `berger1961note' on page 71 undefined on input line 102
7.


LaTeX Warning: Citation `marouf1978design' on page 71 undefined on input line 1
027.


LaTeX Warning: Citation `anderson1973design' on page 71 undefined on input line
 1027.


LaTeX Warning: Citation `nicolaidis1989self' on page 71 undefined on input line
 1027.


LaTeX Warning: Citation `lo1994reliable' on page 71 undefined on input line 102
7.


LaTeX Warning: Citation `lo1992sfs' on page 71 undefined on input line 1027.


LaTeX Warning: Citation `ECS09' on page 71 undefined on input line 1029.


LaTeX Warning: Citation `shekarian2008low' on page 71 undefined on input line 1
029.


LaTeX Warning: Citation `TSC692' on page 71 undefined on input line 1033.

[71]

LaTeX Warning: Citation `gallagher2000fault' on page 72 undefined on input line
 1035.


LaTeX Warning: Citation `Go91' on page 72 undefined on input line 1039.


LaTeX Warning: Citation `stallings2009computer' on page 72 undefined on input l
ine 1039.

[72] [73] [74]

LaTeX Warning: Citation `Go91' on page 75 undefined on input line 1082.

[75] [76]
Overfull \hbox (16.67244pt too wide) in paragraph at lines 1116--1117
[]\OT1/cmr/m/n/12 Another com-mon op-er-a-tion per-formed in FPUs is con-ver-si
on from/to in-te-ger/floating
 []

[77] [78]

LaTeX Warning: Citation `T1site' on page 79 undefined on input line 1175.


Overfull \hbox (16.80171pt too wide) in paragraph at lines 1175--1176
\OT1/cmr/m/n/12 The test ve-hi-cle of our study is the reg-is-ter transfer-leve
l (RTL) model of the openSPARC
 []


LaTeX Warning: Citation `Su06' on page 79 undefined on input line 1181.

[79]

LaTeX Warning: File `Figure-1.png' not found on input line 1185.


! Package pdftex.def Error: File `Figure-1.png' not found.

See the pdftex.def package documentation for explanation.
Type  H <return>  for immediate help.
 ...                                              
                                                  
l.1185 \includegraphics[width=3.5in]{Figure-1.png}
                                                  
Using draft setting for this image.
Try typing  <return>  to proceed.
If that doesn't work, type  X <return>  to quit.


LaTeX Warning: Citation `Su06' on page 80 undefined on input line 1186.


LaTeX Warning: Citation `St97' on page 80 undefined on input line 1190.

[80]

LaTeX Warning: File `Figure-2.png' not found on input line 1204.


! Package pdftex.def Error: File `Figure-2.png' not found.

See the pdftex.def package documentation for explanation.
Type  H <return>  for immediate help.
 ...                                              
                                                  
l.1204 \includegraphics[width=3.5in]{Figure-2.png}
                                                  
Using draft setting for this image.
Try typing  <return>  to proceed.
If that doesn't work, type  X <return>  to quit.


LaTeX Warning: Citation `Su06' on page 81 undefined on input line 1205.

[81] [82]
Overfull \hbox (5.1121pt too wide) in paragraph at lines 1270--1293
 [] 
 []

[83]

LaTeX Warning: File `Figure-3.png' not found on input line 1305.


! Package pdftex.def Error: File `Figure-3.png' not found.

See the pdftex.def package documentation for explanation.
Type  H <return>  for immediate help.
 ...                                              
                                                  
l.1305 ...ludegraphics[width=5.95in]{Figure-3.png}
                                                  
Using draft setting for this image.
Try typing  <return>  to proceed.
If that doesn't work, type  X <return>  to quit.

[84] [85] [86] [87]

LaTeX Warning: Citation `reinhardt2005using' on page 88 undefined on input line
 1377.


LaTeX Warning: File `Figure-4.png' not found on input line 1382.


! Package pdftex.def Error: File `Figure-4.png' not found.

See the pdftex.def package documentation for explanation.
Type  H <return>  for immediate help.
 ...                                              
                                                  
l.1382 \includegraphics[width=3.5in]{Figure-4.png}
                                                  
Using draft setting for this image.
Try typing  <return>  to proceed.
If that doesn't work, type  X <return>  to quit.


LaTeX Warning: Citation `sanda2008soft' on page 88 undefined on input line 1388
.

[88] [89]

LaTeX Warning: File `Figure-5.png' not found on input line 1399.


! Package pdftex.def Error: File `Figure-5.png' not found.

See the pdftex.def package documentation for explanation.
Type  H <return>  for immediate help.
 ...                                              
                                                  
l.1399 ...ludegraphics[width=2.75in]{Figure-5.png}
                                                  
Using draft setting for this image.
Try typing  <return>  to proceed.
If that doesn't work, type  X <return>  to quit.

[90] [91] [92]

LaTeX Warning: File `Figure-6.png' not found on input line 1482.


! Package pdftex.def Error: File `Figure-6.png' not found.

See the pdftex.def package documentation for explanation.
Type  H <return>  for immediate help.
 ...                                              
                                                  
l.1482 \includegraphics[width=3.5in]{Figure-6.png}
                                                  
Using draft setting for this image.
Try typing  <return>  to proceed.
If that doesn't work, type  X <return>  to quit.

[93] [94] [95]

LaTeX Warning: File `Figure-7.png' not found on input line 1564.


! Package pdftex.def Error: File `Figure-7.png' not found.

See the pdftex.def package documentation for explanation.
Type  H <return>  for immediate help.
 ...                                              
                                                  
l.1564 \includegraphics[width=3.5in]{Figure-7.png}
                                                  
Using draft setting for this image.
Try typing  <return>  to proceed.
If that doesn't work, type  X <return>  to quit.

[96] [97]
Overfull \hbox (17.5201pt too wide) in paragraph at lines 1596--1613
 [] 
 []

[98] [99] [100] [101]
Chapter 4.

LaTeX Warning: Citation `zhao2004scalable' on page 102 undefined on input line 
1669.


LaTeX Warning: Citation `zhang2006soft' on page 102 undefined on input line 166
9.


LaTeX Warning: Citation `garg2006design' on page 102 undefined on input line 16
69.


LaTeX Warning: Citation `almukhaizim2006seamless' on page 102 undefined on inpu
t line 1669.


LaTeX Warning: Citation `zoellin2008selective' on page 102 undefined on input l
ine 1669.


LaTeX Warning: Citation `krishnaswamy-signature' on page 102 undefined on input
 line 1669.


LaTeX Warning: Citation `karnik2001scaling' on page 102 undefined on input line
 1671.

[102

]

LaTeX Warning: Citation `mitra2008soft' on page 103 undefined on input line 167
2.


LaTeX Warning: Citation `calin1996upset' on page 103 undefined on input line 16
73.


LaTeX Warning: Citation `MWERA03' on page 103 undefined on input line 1676.


LaTeX Warning: Citation `WMP07' on page 103 undefined on input line 1676.


LaTeX Warning: Citation `CzSi90' on page 103 undefined on input line 1676.


LaTeX Warning: Citation `KiSo02' on page 103 undefined on input line 1676.

[103]

LaTeX Warning: Citation `MWERA03' on page 104 undefined on input line 1682.

[104]

LaTeX Warning: Citation `MWERA03' on page 105 undefined on input line 1684.


LaTeX Warning: Citation `WMP07' on page 105 undefined on input line 1684.


LaTeX Warning: Citation `CzSi90' on page 105 undefined on input line 1684.


LaTeX Warning: Citation `KiSo02' on page 105 undefined on input line 1684.


LaTeX Warning: Citation `MWERA03' on page 105 undefined on input line 1686.


LaTeX Warning: Citation `MWERA03' on page 105 undefined on input line 1686.


LaTeX Warning: Citation `WMP07' on page 105 undefined on input line 1688.


LaTeX Warning: Citation `CzSi90' on page 105 undefined on input line 1688.


LaTeX Warning: Citation `KiSo02' on page 105 undefined on input line 1688.


LaTeX Warning: Citation `WMP07' on page 105 undefined on input line 1688.


LaTeX Warning: Citation `MWERA03' on page 105 undefined on input line 1688.


LaTeX Warning: Citation `biswas2008computing' on page 105 undefined on input li
ne 1688.


LaTeX Warning: Citation `WMP07' on page 105 undefined on input line 1688.

[105] [106] [107] [108]

LaTeX Warning: Citation `WMP07' on page 109 undefined on input line 1737.


LaTeX Warning: Citation `WMP07' on page 109 undefined on input line 1737.


LaTeX Warning: Citation `WQRP04' on page 109 undefined on input line 1741.


LaTeX Warning: Citation `GW95' on page 109 undefined on input line 1741.

[109]

LaTeX Warning: File `Figure-2g.png' not found on input line 1754.


! Package pdftex.def Error: File `Figure-2g.png' not found.

See the pdftex.def package documentation for explanation.
Type  H <return>  for immediate help.
 ...                                              
                                                  
l.1754 ...udegraphics[width=2.55in]{Figure-2g.png}
                                                  
Using draft setting for this image.
Try typing  <return>  to proceed.
If that doesn't work, type  X <return>  to quit.


LaTeX Warning: Citation `GW95' on page 110 undefined on input line 1755.

[110]

LaTeX Warning: File `Figure-3g.png' not found on input line 1768.


! Package pdftex.def Error: File `Figure-3g.png' not found.

See the pdftex.def package documentation for explanation.
Type  H <return>  for immediate help.
 ...                                              
                                                  
l.1768 ...ludegraphics[width=3.2in]{Figure-3g.png}
                                                  
Using draft setting for this image.
Try typing  <return>  to proceed.
If that doesn't work, type  X <return>  to quit.

[111]

LaTeX Warning: Citation `WMP07' on page 112 undefined on input line 1780.


LaTeX Warning: Citation `WMP07' on page 112 undefined on input line 1816.


LaTeX Warning: Citation `maniatakos2011avf' on page 112 undefined on input line
 1816.

[112] [113] [114]

LaTeX Warning: File `Figure-4ag.png' not found on input line 1885.


! Package pdftex.def Error: File `Figure-4ag.png' not found.

See the pdftex.def package documentation for explanation.
Type  H <return>  for immediate help.
 ...                                              
                                                  
l.1885 ...degraphics[width=5.2in]{Figure-4ag.png}}
                                                  %
Using draft setting for this image.
Try typing  <return>  to proceed.
If that doesn't work, type  X <return>  to quit.


LaTeX Warning: File `Figure-4ag.png' not found on input line 1887.


! Package pdftex.def Error: File `Figure-4ag.png' not found.

See the pdftex.def package documentation for explanation.
Type  H <return>  for immediate help.
 ...                                              
                                                  
l.1887 ...degraphics[width=5.2in]{Figure-4ag.png}}
                                                  %
Using draft setting for this image.
Try typing  <return>  to proceed.
If that doesn't work, type  X <return>  to quit.


LaTeX Warning: Float too large for page by 216.64017pt on input line 1892.


LaTeX Warning: File `Figure-5ag.png' not found on input line 1897.


! Package pdftex.def Error: File `Figure-5ag.png' not found.

See the pdftex.def package documentation for explanation.
Type  H <return>  for immediate help.
 ...                                              
                                                  
l.1897 ...degraphics[width=5.2in]{Figure-5ag.png}}
                                                  %
Using draft setting for this image.
Try typing  <return>  to proceed.
If that doesn't work, type  X <return>  to quit.


LaTeX Warning: File `Figure-5bg.png' not found on input line 1899.


! Package pdftex.def Error: File `Figure-5bg.png' not found.

See the pdftex.def package documentation for explanation.
Type  H <return>  for immediate help.
 ...                                              
                                                  
l.1899 ...degraphics[width=5.2in]{Figure-5bg.png}}
                                                  %
Using draft setting for this image.
Try typing  <return>  to proceed.
If that doesn't work, type  X <return>  to quit.


LaTeX Warning: Float too large for page by 238.32138pt on input line 1904.

[115]

LaTeX Warning: Citation `WMP07' on page 116 undefined on input line 1990.

[116] [117] [118] [119] [120]
Chapter 5.

LaTeX Warning: Citation `seifert2006radiation' on page 121 undefined on input l
ine 2004.


LaTeX Warning: Citation `reed1997heavy' on page 121 undefined on input line 200
4.


LaTeX Warning: Citation `koga1993single' on page 121 undefined on input line 20
04.


LaTeX Warning: Citation `tipton2006multiple' on page 121 undefined on input lin
e 2004.


LaTeX Warning: Citation `tosaka2004comprehensive' on page 121 undefined on inpu
t line 2004.


LaTeX Warning: Citation `georgakos2007investigation' on page 121 undefined on i
nput line 2004.


LaTeX Warning: Citation `abella2003power' on page 121 undefined on input line 2
006.


LaTeX Warning: Citation `chaudhry2009rock' on page 121 undefined on input line 
2006.


LaTeX Warning: Citation `pagiamtzis2006content' on page 121 undefined on input 
line 2006.


LaTeX Warning: Citation `buyuktosunoglu2002tradeoffs' on page 121 undefined on 
input line 2006.


LaTeX Warning: Citation `pagiamtzis2006content' on page 121 undefined on input 
line 2006.

[121

]

LaTeX Warning: Citation `slayman2005cache' on page 122 undefined on input line 
2008.


LaTeX Warning: Citation `naseer2008parallel' on page 122 undefined on input lin
e 2008.


LaTeX Warning: Citation `ADM06' on page 122 undefined on input line 2010.


LaTeX Warning: Citation `touba1997logic' on page 122 undefined on input line 20
10.

[122]

LaTeX Warning: Citation `kessler1999alpha' on page 123 undefined on input line 
2023.

[123]

LaTeX Warning: Citation `MWERA03' on page 124 undefined on input line 2027.

[124] [125]

LaTeX Warning: File `parity.png' not found on input line 2036.


! Package pdftex.def Error: File `parity.png' not found.

See the pdftex.def package documentation for explanation.
Type  H <return>  for immediate help.
 ...                                              
                                                  
l.2036 \includegraphics[width=3.5in]{parity.png}
                                                %
Using draft setting for this image.
Try typing  <return>  to proceed.
If that doesn't work, type  X <return>  to quit.

[126] [127] [128] [129]

LaTeX Warning: File `example.png' not found on input line 2146.


! Package pdftex.def Error: File `example.png' not found.

See the pdftex.def package documentation for explanation.
Type  H <return>  for immediate help.
 ...                                              
                                                  
l.2146 \includegraphics[width=2.5in]{example.png}
                                                 %
Using draft setting for this image.
Try typing  <return>  to proceed.
If that doesn't work, type  X <return>  to quit.

[130] [131]
Overfull \hbox (2.75432pt too wide) in paragraph at lines 2188--2189
[]\OT1/cmr/m/n/12 In or-der to re-move the \OT1/cmr/m/it/12 mod \OT1/cmr/m/n/12
 op-er-a-tor, the ex-pres-sion $(([][] \OML/cmm/m/it/12 S[]\OT1/cmr/m/n/12 )[] 
 2)$
 []

[132] [133]

LaTeX Warning: Citation `makhorin2000modeling' on page 134 undefined on input l
ine 2229.


LaTeX Warning: Citation `Achterberg2009' on page 134 undefined on input line 22
35.

[134]

LaTeX Warning: Citation `makhorin2000modeling' on page 135 undefined on input l
ine 2239.

[135]

LaTeX Warning: Citation `osada2004sram' on page 136 undefined on input line 233
3.

[136]

LaTeX Warning: File `Fig2_ObservedFailPatterns.png' not found on input line 233
7.


! Package pdftex.def Error: File `Fig2_ObservedFailPatterns.png' not found.

See the pdftex.def package documentation for explanation.
Type  H <return>  for immediate help.
 ...                                              
                                                  
l.2337 ...th=3.5in]{Fig2_ObservedFailPatterns.png}
                                                  %
Using draft setting for this image.
Try typing  <return>  to proceed.
If that doesn't work, type  X <return>  to quit.


LaTeX Warning: Citation `georgakos2007investigation' on page 137 undefined on i
nput line 2338.


LaTeX Warning: File `Fig3_MirrorLayoutSRAM.png' not found on input line 2344.


! Package pdftex.def Error: File `Fig3_MirrorLayoutSRAM.png' not found.

See the pdftex.def package documentation for explanation.
Type  H <return>  for immediate help.
 ...                                              
                                                  
l.2344 ...[width=3.5in]{Fig3_MirrorLayoutSRAM.png}
                                                  %
Using draft setting for this image.
Try typing  <return>  to proceed.
If that doesn't work, type  X <return>  to quit.


LaTeX Warning: Citation `george2010transient' on page 137 undefined on input li
ne 2345.


LaTeX Warning: Citation `georgakos2007investigation' on page 137 undefined on i
nput line 2349.

[137] [138] [139]

LaTeX Warning: File `ivm-ptrees.png' not found on input line 2390.


! Package pdftex.def Error: File `ivm-ptrees.png' not found.

See the pdftex.def package documentation for explanation.
Type  H <return>  for immediate help.
 ...                                              
                                                  
l.2390 ...egraphics[width=5.95in]{ivm-ptrees.png}}
                                                  %
Using draft setting for this image.
Try typing  <return>  to proceed.
If that doesn't work, type  X <return>  to quit.


LaTeX Warning: File `rsuopc-ptrees.png' not found on input line 2393.


! Package pdftex.def Error: File `rsuopc-ptrees.png' not found.

See the pdftex.def package documentation for explanation.
Type  H <return>  for immediate help.
 ...                                              
                                                  
l.2393 ...aphics[width=5.95in]{rsuopc-ptrees.png}}
                                                  %
Using draft setting for this image.
Try typing  <return>  to proceed.
If that doesn't work, type  X <return>  to quit.


Overfull \hbox (3.91663pt too wide) in paragraph at lines 2390--2394
 [][] 
 []


LaTeX Warning: Float too large for page by 296.16626pt on input line 2397.

[140] [141]

LaTeX Warning: File `ivm-cmpalg.png' not found on input line 2465.


! Package pdftex.def Error: File `ivm-cmpalg.png' not found.

See the pdftex.def package documentation for explanation.
Type  H <return>  for immediate help.
 ...                                              
                                                  
l.2465 ...egraphics[width=5.95in]{ivm-cmpalg.png}}
                                                  \\
Using draft setting for this image.
Try typing  <return>  to proceed.
If that doesn't work, type  X <return>  to quit.


LaTeX Warning: File `rsuopc-cmpalg.png' not found on input line 2468.


! Package pdftex.def Error: File `rsuopc-cmpalg.png' not found.

See the pdftex.def package documentation for explanation.
Type  H <return>  for immediate help.
 ...                                              
                                                  
l.2468 ...aphics[width=5.95in]{rsuopc-cmpalg.png}}
                                                   \\
Using draft setting for this image.
Try typing  <return>  to proceed.
If that doesn't work, type  X <return>  to quit.


LaTeX Warning: Float too large for page by 288.93883pt on input line 2473.

[142]

LaTeX Warning: File `interleave.png' not found on input line 2485.


! Package pdftex.def Error: File `interleave.png' not found.

See the pdftex.def package documentation for explanation.
Type  H <return>  for immediate help.
 ...                                              
                                                  
l.2485 ...udegraphics[width=3.5in]{interleave.png}
                                                  %
Using draft setting for this image.
Try typing  <return>  to proceed.
If that doesn't work, type  X <return>  to quit.


LaTeX Warning: Citation `slayman2005cache' on page 143 undefined on input line 
2486.

[143]

LaTeX Warning: File `VBI_ex1.png' not found on input line 2497.


! Package pdftex.def Error: File `VBI_ex1.png' not found.

See the pdftex.def package documentation for explanation.
Type  H <return>  for immediate help.
 ...                                              
                                                  
l.2497 ...cludegraphics[width=3.5in]{VBI_ex1.png}}
                                                  \\
Using draft setting for this image.
Try typing  <return>  to proceed.
If that doesn't work, type  X <return>  to quit.


LaTeX Warning: File `VBI_ex2_new.png' not found on input line 2499.


! Package pdftex.def Error: File `VBI_ex2_new.png' not found.

See the pdftex.def package documentation for explanation.
Type  H <return>  for immediate help.
 ...                                              
                                                  
l.2499 ...egraphics[width=3.5in]{VBI_ex2_new.png}}
                                                  \\
Using draft setting for this image.
Try typing  <return>  to proceed.
If that doesn't work, type  X <return>  to quit.


LaTeX Warning: File `VBI_ex3_new.png' not found on input line 2501.


! Package pdftex.def Error: File `VBI_ex3_new.png' not found.

See the pdftex.def package documentation for explanation.
Type  H <return>  for immediate help.
 ...                                              
                                                  
l.2501 ...egraphics[width=3.5in]{VBI_ex3_new.png}}
                                                  \\
Using draft setting for this image.
Try typing  <return>  to proceed.
If that doesn't work, type  X <return>  to quit.


LaTeX Warning: Float too large for page by 268.77075pt on input line 2507.

[144]

LaTeX Warning: File `Sch_AVF_heatmap.png' not found on input line 2580.


! Package pdftex.def Error: File `Sch_AVF_heatmap.png' not found.

See the pdftex.def package documentation for explanation.
Type  H <return>  for immediate help.
 ...                                              
                                                  
l.2580 ...hics[width=5.95in]{Sch_AVF_heatmap.png}}
                                                  \\
Using draft setting for this image.
Try typing  <return>  to proceed.
If that doesn't work, type  X <return>  to quit.


LaTeX Warning: File `Sch_AVF_heatmap_VBI.png' not found on input line 2582.


! Package pdftex.def Error: File `Sch_AVF_heatmap_VBI.png' not found.

See the pdftex.def package documentation for explanation.
Type  H <return>  for immediate help.
 ...                                              
                                                  
l.2582 ...[width=5.95in]{Sch_AVF_heatmap_VBI.png}}
                                                  \\
Using draft setting for this image.
Try typing  <return>  to proceed.
If that doesn't work, type  X <return>  to quit.


LaTeX Warning: Float too large for page by 326.4534pt on input line 2588.

[145] [146]

LaTeX Warning: File `VBI_parity_AVF_reduct.png' not found on input line 2599.


! Package pdftex.def Error: File `VBI_parity_AVF_reduct.png' not found.

See the pdftex.def package documentation for explanation.
Type  H <return>  for immediate help.
 ...                                              
                                                  
l.2599 ...[width=3.5in]{VBI_parity_AVF_reduct.png}
                                                  %
Using draft setting for this image.
Try typing  <return>  to proceed.
If that doesn't work, type  X <return>  to quit.


LaTeX Warning: File `ibox.png' not found on input line 2612.


! Package pdftex.def Error: File `ibox.png' not found.

See the pdftex.def package documentation for explanation.
Type  H <return>  for immediate help.
 ...                                              
                                                  
l.2612 \includegraphics[width=3.5in]{ibox.png}
                                              %
Using draft setting for this image.
Try typing  <return>  to proceed.
If that doesn't work, type  X <return>  to quit.


LaTeX Warning: Citation `matson1998circuit' on page 147 undefined on input line
 2613.


LaTeX Warning: Citation `buyuktosunoglu2002oldest' on page 147 undefined on inp
ut line 2613.

[147] [148] [149] [150] [151] [152] [153] [154] [155]
Chapter 6.
[156

] [157] [158]
No file mihalis_thesis.bbl.
Package atveryend Info: Empty hook `BeforeClearDocument' on input line 2645.
Package atveryend Info: Empty hook `AfterLastShipout' on input line 2645.
(./mihalis_thesis.aux)
Package atveryend Info: Executing hook `AtVeryEndDocument' on input line 2645.
Package atveryend Info: Executing hook `AtEndAfterFileList' on input line 2645.

Package rerunfilecheck Info: File `mihalis_thesis.out' has not changed.
(rerunfilecheck)             Checksum: EE86D5FECDB0AEE6E86DE91F29C65494;6131.


LaTeX Warning: There were undefined references.

Package atveryend Info: Empty hook `AtVeryVeryEnd' on input line 2645.
 )
(\end occurred inside a group at level 1)

### simple group (level 1) entered at line 1061 ({)
### bottom level 
Here is how much of TeX's memory you used:
 8713 strings out of 493014
 128284 string characters out of 6133351
 243953 words of memory out of 5000000
 11619 multiletter control sequences out of 15000+600000
 14466 words of font info for 55 fonts, out of 8000000 for 9000
 1141 hyphenation exceptions out of 8191
 39i,23n,49p,2097b,6263s stack positions out of 5000i,500n,10000p,200000b,80000s
</usr/local/texlive/2016/texmf-dist/fonts/type1/public/amsfonts
/cm/cmbx10.pfb></usr/local/texlive/2016/texmf-dist/fonts/type1/public/amsfonts/
cm/cmbx12.pfb></usr/local/texlive/2016/texmf-dist/fonts/type1/public/amsfonts/c
m/cmbx6.pfb></usr/local/texlive/2016/texmf-dist/fonts/type1/public/amsfonts/cm/
cmbx8.pfb></usr/local/texlive/2016/texmf-dist/fonts/type1/public/amsfonts/cm/cm
ex10.pfb></usr/local/texlive/2016/texmf-dist/fonts/type1/public/amsfonts/cm/cmm
i10.pfb></usr/local/texlive/2016/texmf-dist/fonts/type1/public/amsfonts/cm/cmmi
12.pfb></usr/local/texlive/2016/texmf-dist/fonts/type1/public/amsfonts/cm/cmmi7
.pfb></usr/local/texlive/2016/texmf-dist/fonts/type1/public/amsfonts/cm/cmmi8.p
fb></usr/local/texlive/2016/texmf-dist/fonts/type1/public/amsfonts/cm/cmr10.pfb
></usr/local/texlive/2016/texmf-dist/fonts/type1/public/amsfonts/cm/cmr12.pfb><
/usr/local/texlive/2016/texmf-dist/fonts/type1/public/amsfonts/cm/cmr6.pfb></us
r/local/texlive/2016/texmf-dist/fonts/type1/public/amsfonts/cm/cmr7.pfb></usr/l
ocal/texlive/2016/texmf-dist/fonts/type1/public/amsfonts/cm/cmr8.pfb></usr/loca
l/texlive/2016/texmf-dist/fonts/type1/public/amsfonts/cm/cmss12.pfb></usr/local
/texlive/2016/texmf-dist/fonts/type1/public/amsfonts/cm/cmsy10.pfb></usr/local/
texlive/2016/texmf-dist/fonts/type1/public/amsfonts/cm/cmsy8.pfb></usr/local/te
xlive/2016/texmf-dist/fonts/type1/public/amsfonts/cm/cmti12.pfb></usr/local/tex
live/2016/texmf-dist/fonts/type1/public/amsfonts/cm/cmtt12.pfb>
Output written on mihalis_thesis.pdf (171 pages, 577457 bytes).
PDF statistics:
 1844 PDF objects out of 2073 (max. 8388607)
 1635 compressed objects within 17 object streams
 478 named destinations out of 1000 (max. 500000)
 665 words of extra memory for PDF output out of 10000 (max. 10000000)

